<?xml version="1.0" encoding="UTF-8"?>
<!-- Generated by org.testng.reporters.JUnitReportReporter -->
<testsuite hostname="Ajays-MacBook-Pro.local" failures="0" tests="1" name="testScript.TC_001Test" time="23.796" errors="0" timestamp="2022-02-02T14:32:01 IST" skipped="0">
  <testcase classname="testScript.TC_001Test" name="swiggy" time="23.796"/>
  <system-out/>
</testsuite> <!-- testScript.TC_001Test -->
