<?xml version="1.0" encoding="UTF-8"?>
<!-- Generated by org.testng.reporters.JUnitReportReporter -->
<testsuite hostname="Ajays-MacBook-Pro.local" failures="0" tests="1" name="testScript.TC_004Test" time="49.133" errors="0" timestamp="2022-02-02T14:32:01 IST" skipped="0">
  <testcase classname="testScript.TC_004Test" name="dominos" time="49.133"/>
  <system-out/>
</testsuite> <!-- testScript.TC_004Test -->
